[2024-06-27T10:24:43.286Z] - Start Search
[2024-06-27T10:24:44.029Z] - Before APi Hit
[2024-06-27T10:24:46.625Z] - APi responce
[2024-06-27T10:24:46.625Z] - Comman responce start
[2024-06-27T10:24:46.654Z] - Comman responce end
[2024-06-27T10:24:46.952Z] - Commertial Apply Start
[2024-06-27T10:24:48.411Z] - Responce
[2024-06-27T10:24:48.411Z] - Commertioal end
[2024-06-28T11:48:05.952Z] - Start Search
[2024-06-28T11:48:06.763Z] - Before APi Hit
[2024-06-28T11:48:13.035Z] - APi responce
[2024-06-28T11:48:13.041Z] - Comman responce end
[2024-06-28T11:48:13.035Z] - Comman responce start
[2024-06-28T11:48:13.473Z] - Commertial Apply Start
[2024-06-28T11:48:14.931Z] - Responce
[2024-06-28T11:48:14.931Z] - Commertioal end
[2024-06-28T12:02:38.847Z] - Start Search
[2024-06-28T12:02:39.935Z] - Before APi Hit
[2024-06-28T12:02:42.930Z] - APi responce
[2024-06-28T12:02:42.931Z] - Comman responce start
[2024-06-28T12:02:42.932Z] - Comman responce end
[2024-06-28T12:02:43.193Z] - Commertial Apply Start
[2024-06-28T12:02:44.141Z] - Commertioal end
[2024-06-28T12:02:44.141Z] - Responce
[2024-06-28T12:07:10.482Z] - Start Search
[2024-06-28T12:07:11.288Z] - Before APi Hit
[2024-06-28T12:07:14.232Z] - APi responce
[2024-06-28T12:07:14.232Z] - Comman responce start
[2024-06-28T12:07:14.235Z] - Comman responce end
[2024-06-28T12:07:14.779Z] - Commertial Apply Start
[2024-06-28T12:07:15.919Z] - Commertioal end
[2024-06-28T12:07:15.919Z] - Responce
[2024-06-28T12:09:28.628Z] - Start Search
[2024-06-28T12:09:29.651Z] - Before APi Hit
[2024-06-28T12:09:32.632Z] - Comman responce start
[2024-06-28T12:09:32.631Z] - APi responce
[2024-06-28T12:09:32.638Z] - Comman responce end
[2024-06-28T12:09:32.934Z] - Commertial Apply Start
[2024-06-28T12:09:33.955Z] - Responce
[2024-06-28T12:09:33.955Z] - Commertioal end
[2024-06-28T12:32:36.327Z] - Start Search
[2024-06-28T12:32:37.177Z] - Before APi Hit
[2024-06-28T12:32:43.061Z] - APi responce
[2024-06-28T12:32:43.061Z] - Comman responce start
[2024-06-28T12:32:43.063Z] - Comman responce end
[2024-06-28T12:32:43.347Z] - Commertial Apply Start
[2024-06-28T12:32:44.298Z] - Responce
[2024-06-28T12:32:44.298Z] - Commertioal end
[2024-06-28T12:39:52.006Z] - Start Search
[2024-06-28T12:39:52.802Z] - Before APi Hit
[2024-06-28T12:39:56.207Z] - APi responce
[2024-06-28T12:39:56.211Z] - Comman responce start
[2024-06-28T12:39:56.213Z] - Comman responce end
[2024-06-28T12:39:56.491Z] - Commertial Apply Start
[2024-06-28T12:39:57.472Z] - Commertioal end
[2024-06-28T12:39:57.472Z] - Responce
[2024-07-01T04:13:18.668Z] - Start Search
[2024-07-01T04:13:19.713Z] - Before APi Hit
[2024-07-01T04:13:22.893Z] - Commertial Apply Start
[2024-07-01T04:13:24.459Z] - Responce
[2024-07-01T04:13:24.459Z] - Commertioal end
[2024-07-01T04:13:37.912Z] - Start Search
[2024-07-01T04:13:40.624Z] - Before APi Hit
[2024-07-01T04:13:51.410Z] - Comman responce start
[2024-07-01T04:13:51.410Z] - APi responce
[2024-07-01T04:13:51.414Z] - Comman responce end
[2024-07-01T04:13:51.667Z] - Commertial Apply Start
[2024-07-01T04:13:52.699Z] - Commertioal end
[2024-07-01T04:13:52.699Z] - Responce
[2024-07-01T04:21:19.375Z] - Start Search
[2024-07-01T04:21:20.112Z] - Before APi Hit
[2024-07-01T04:21:23.714Z] - APi responce
[2024-07-01T04:21:23.719Z] - Comman responce end
[2024-07-01T04:21:23.715Z] - Comman responce start
[2024-07-01T04:21:23.981Z] - Commertial Apply Start
[2024-07-01T04:21:24.939Z] - Commertioal end
[2024-07-01T04:21:24.939Z] - Responce
[2024-07-01T04:22:55.460Z] - Start Search
[2024-07-01T04:22:56.362Z] - Before APi Hit
[2024-07-01T04:23:00.305Z] - Comman responce start
[2024-07-01T04:23:00.305Z] - APi responce
[2024-07-01T04:23:00.307Z] - Comman responce end
[2024-07-01T04:23:00.562Z] - Commertial Apply Start
[2024-07-01T04:23:01.650Z] - Commertioal end
[2024-07-01T04:23:01.650Z] - Responce
[2024-07-01T04:25:07.183Z] - Start Search
[2024-07-01T04:25:08.362Z] - Before APi Hit
[2024-07-01T04:25:20.509Z] - Comman responce start
[2024-07-01T04:25:20.511Z] - Comman responce end
[2024-07-01T04:25:20.509Z] - APi responce
[2024-07-01T04:25:20.796Z] - Commertial Apply Start
[2024-07-01T04:25:22.282Z] - Responce
[2024-07-01T04:25:22.282Z] - Commertioal end
[2024-07-01T06:35:48.905Z] - Start Search
[2024-07-01T06:35:48.909Z] - Start Search
[2024-07-01T06:35:49.955Z] - Before APi Hit
[2024-07-01T06:35:49.965Z] - Before APi Hit
[2024-07-01T06:35:50.616Z] - Commertial Apply Start
[2024-07-01T06:35:50.622Z] - Commertial Apply Start
[2024-07-01T06:35:51.871Z] - Commertioal end
[2024-07-01T06:35:51.871Z] - Responce
[2024-07-01T06:35:51.879Z] - Commertioal end
[2024-07-01T06:35:51.879Z] - Responce
[2024-07-01T06:36:03.759Z] - Start Search
[2024-07-01T06:36:04.280Z] - Start Search
[2024-07-01T06:36:06.656Z] - Before APi Hit
[2024-07-01T06:36:07.867Z] - Before APi Hit
[2024-07-01T06:36:11.762Z] - APi responce
[2024-07-01T06:36:11.762Z] - Comman responce start
[2024-07-01T06:36:11.765Z] - Comman responce end
[2024-07-01T06:36:11.920Z] - APi responce
[2024-07-01T06:36:11.920Z] - Comman responce start
[2024-07-01T06:36:11.921Z] - Comman responce end
[2024-07-01T06:36:12.162Z] - Commertial Apply Start
[2024-07-01T06:36:12.166Z] - Commertial Apply Start
[2024-07-01T06:36:13.195Z] - Commertioal end
[2024-07-01T06:36:13.195Z] - Responce
[2024-07-01T06:36:13.213Z] - Commertioal end
[2024-07-01T06:36:13.213Z] - Responce
[2024-07-01T06:58:36.130Z] - Start Search
[2024-07-01T06:58:36.138Z] - Start Search
[2024-07-01T06:58:36.907Z] - Before APi Hit
[2024-07-01T06:58:36.978Z] - Before APi Hit
[2024-07-01T06:58:39.758Z] - APi responce
[2024-07-01T06:58:39.762Z] - Comman responce end
[2024-07-01T06:58:39.758Z] - Comman responce start
[2024-07-01T06:58:40.023Z] - Commertial Apply Start
[2024-07-01T06:58:41.174Z] - Commertioal end
[2024-07-01T06:58:41.174Z] - Responce
[2024-07-01T06:58:43.613Z] - APi responce
[2024-07-01T06:58:43.613Z] - Comman responce start
[2024-07-01T06:58:43.614Z] - Comman responce end
[2024-07-01T06:58:43.885Z] - Commertial Apply Start
[2024-07-01T06:58:44.832Z] - Responce
[2024-07-01T06:58:44.832Z] - Commertioal end
[2024-07-01T07:06:00.897Z] - Start Search
[2024-07-01T07:06:00.907Z] - Start Search
[2024-07-01T07:06:01.622Z] - Before APi Hit
[2024-07-01T07:06:01.635Z] - Before APi Hit
[2024-07-01T07:06:02.083Z] - Commertial Apply Start
[2024-07-01T07:06:02.090Z] - Commertial Apply Start
[2024-07-01T07:06:03.138Z] - Responce
[2024-07-01T07:06:03.138Z] - Commertioal end
[2024-07-01T07:06:03.147Z] - Commertioal end
[2024-07-01T07:06:03.148Z] - Responce
[2024-07-01T07:06:10.109Z] - Start Search
[2024-07-01T07:06:10.113Z] - Start Search
[2024-07-01T07:06:10.824Z] - Before APi Hit
[2024-07-01T07:06:10.831Z] - Before APi Hit
[2024-07-01T07:06:13.989Z] - APi responce
[2024-07-01T07:06:13.989Z] - Comman responce start
[2024-07-01T07:06:13.992Z] - Comman responce end
[2024-07-01T07:06:14.199Z] - APi responce
[2024-07-01T07:06:14.199Z] - Comman responce start
[2024-07-01T07:06:14.201Z] - Comman responce end
[2024-07-01T07:06:14.298Z] - Commertial Apply Start
[2024-07-01T07:06:14.440Z] - Commertial Apply Start
[2024-07-01T07:06:15.250Z] - Commertioal end
[2024-07-01T07:06:15.250Z] - Responce
[2024-07-01T07:06:15.374Z] - Responce
[2024-07-01T07:06:15.373Z] - Commertioal end
[2024-07-01T07:11:38.752Z] - Start Search
[2024-07-01T07:11:38.764Z] - Start Search
[2024-07-01T07:11:39.464Z] - Before APi Hit
[2024-07-01T07:11:39.492Z] - Before APi Hit
[2024-07-01T07:11:43.245Z] - APi responce
[2024-07-01T07:11:43.245Z] - Comman responce start
[2024-07-01T07:11:43.249Z] - Comman responce end
[2024-07-01T07:11:43.552Z] - Commertial Apply Start
[2024-07-01T07:11:44.831Z] - Commertioal end
[2024-07-01T07:11:44.832Z] - Responce
[2024-07-01T07:11:45.479Z] - APi responce
[2024-07-01T07:11:45.480Z] - Comman responce start
[2024-07-01T07:11:45.486Z] - Comman responce end
[2024-07-01T07:11:45.737Z] - Commertial Apply Start
[2024-07-01T07:11:46.789Z] - Responce
[2024-07-01T07:11:46.789Z] - Commertioal end
[2024-07-01T09:20:55.920Z] - Start Search
[2024-07-01T09:20:55.930Z] - Start Search
[2024-07-01T09:20:56.709Z] - Before APi Hit
[2024-07-01T09:20:56.694Z] - Before APi Hit
[2024-07-01T09:21:00.239Z] - APi responce
[2024-07-01T09:21:00.239Z] - Comman responce start
[2024-07-01T09:21:00.244Z] - Comman responce end
[2024-07-01T09:21:00.545Z] - Commertial Apply Start
[2024-07-01T09:21:00.891Z] - APi responce
[2024-07-01T09:21:00.891Z] - Comman responce start
[2024-07-01T09:21:00.895Z] - Comman responce end
[2024-07-01T09:21:01.143Z] - Commertial Apply Start
[2024-07-01T09:21:04.897Z] - Commertioal end
[2024-07-01T09:21:04.897Z] - Responce
[2024-07-01T09:21:06.247Z] - Commertioal end
[2024-07-01T09:21:06.247Z] - Responce
[2024-07-01T09:40:59.560Z] - Start Search
[2024-07-01T09:40:59.565Z] - Start Search
[2024-07-01T09:41:00.344Z] - Before APi Hit
[2024-07-01T09:41:00.328Z] - Before APi Hit
[2024-07-01T09:41:03.392Z] - APi responce
[2024-07-01T09:41:03.392Z] - Comman responce start
[2024-07-01T09:41:03.396Z] - Comman responce end
[2024-07-01T09:41:03.737Z] - Commertial Apply Start
[2024-07-01T09:41:04.114Z] - APi responce
[2024-07-01T09:41:04.115Z] - Comman responce start
[2024-07-01T09:41:04.120Z] - Comman responce end
[2024-07-01T09:41:04.376Z] - Commertial Apply Start
[2024-07-01T09:41:04.995Z] - Responce
[2024-07-01T09:41:04.995Z] - Commertioal end
[2024-07-01T09:41:05.501Z] - Responce
[2024-07-01T09:41:05.501Z] - Commertioal end
[2024-07-02T04:19:40.658Z] - Start Search
[2024-07-02T04:19:40.668Z] - Start Search
[2024-07-02T04:19:41.607Z] - Before APi Hit
[2024-07-02T04:19:41.637Z] - Before APi Hit
[2024-07-02T04:19:46.141Z] - APi responce
[2024-07-02T04:19:46.141Z] - Comman responce start
[2024-07-02T04:19:46.148Z] - Comman responce end
[2024-07-02T04:19:46.472Z] - Commertial Apply Start
[2024-07-02T04:19:47.053Z] - APi responce
[2024-07-02T04:19:47.054Z] - Comman responce start
[2024-07-02T04:19:47.057Z] - Comman responce end
[2024-07-02T04:19:47.378Z] - Commertial Apply Start
[2024-07-02T04:19:47.952Z] - Commertioal end
[2024-07-02T04:19:47.952Z] - Responce
[2024-07-02T04:19:48.706Z] - Commertioal end
[2024-07-02T04:19:48.707Z] - Responce
[2024-07-02T05:15:40.824Z] - Start Search
[2024-07-02T05:15:40.833Z] - Start Search
[2024-07-02T05:15:41.672Z] - Before APi Hit
[2024-07-02T05:15:41.699Z] - Before APi Hit
[2024-07-02T05:15:45.026Z] - APi responce
[2024-07-02T05:15:45.026Z] - Comman responce start
[2024-07-02T05:15:45.034Z] - Comman responce end
[2024-07-02T05:15:45.061Z] - Comman responce start
[2024-07-02T05:15:45.061Z] - APi responce
[2024-07-02T05:15:45.064Z] - Comman responce end
[2024-07-02T05:15:45.306Z] - Commertial Apply Start
[2024-07-02T05:15:45.352Z] - Commertial Apply Start
[2024-07-02T05:15:49.608Z] - Commertioal end
[2024-07-02T05:15:49.608Z] - Responce
[2024-07-02T05:15:50.276Z] - Commertioal end
[2024-07-02T05:15:50.276Z] - Responce
[2024-07-02T05:17:06.208Z] - Start Search
[2024-07-02T05:17:06.213Z] - Start Search
[2024-07-02T05:17:07.104Z] - Before APi Hit
[2024-07-02T05:17:07.110Z] - Before APi Hit
[2024-07-02T05:17:09.941Z] - APi responce
[2024-07-02T05:17:09.941Z] - Comman responce start
[2024-07-02T05:17:09.974Z] - Comman responce end
[2024-07-02T05:17:09.972Z] - Comman responce start
[2024-07-02T05:17:09.971Z] - APi responce
[2024-07-02T05:17:09.944Z] - Comman responce end
[2024-07-02T05:17:10.300Z] - Commertial Apply Start
[2024-07-02T05:17:10.306Z] - Commertial Apply Start
[2024-07-02T05:17:11.335Z] - Commertioal end
[2024-07-02T05:17:11.335Z] - Responce
[2024-07-02T05:17:11.364Z] - Commertioal end
[2024-07-02T05:17:11.364Z] - Responce
[2024-07-02T09:25:06.286Z] - Start Search
[2024-07-02T09:25:06.295Z] - Start Search
[2024-07-02T09:25:07.030Z] - Before APi Hit
[2024-07-02T09:25:07.089Z] - Before APi Hit
[2024-07-02T09:25:10.338Z] - APi responce
[2024-07-02T09:25:10.338Z] - Comman responce start
[2024-07-02T09:25:10.343Z] - Comman responce end
[2024-07-02T09:25:10.359Z] - APi responce
[2024-07-02T09:25:10.359Z] - Comman responce start
[2024-07-02T09:25:10.361Z] - Comman responce end
[2024-07-02T09:25:10.648Z] - Commertial Apply Start
[2024-07-02T09:25:10.656Z] - Commertial Apply Start
[2024-07-02T09:25:11.762Z] - Commertioal end
[2024-07-02T09:25:11.763Z] - Responce
[2024-07-02T09:25:11.827Z] - Responce
[2024-07-02T09:25:11.827Z] - Commertioal end
[2024-07-04T06:04:21.385Z] - Start Search
[2024-07-04T06:04:22.297Z] - Before APi Hit
[2024-07-04T06:04:25.819Z] - APi responce
[2024-07-04T06:04:25.819Z] - Comman responce start
[2024-07-04T06:04:25.825Z] - Comman responce end
[2024-07-04T06:04:26.207Z] - Commertial Apply Start
[2024-07-04T06:04:27.184Z] - Commertioal end
[2024-07-04T06:04:27.184Z] - Responce
